FEKO      Version 2017.2.3-538 from 2017-10-27
          PREFEKO Version 2017.2.3-39 from 2017-08-21 [FEK: default 158; used 158] BINARY
          CADFEKO version unknown                                                         
          Copyright (c) 1999-2014 Altair Development S.A. (Pty) Ltd
          Copyright (c) 2014-2017 Altair Engineering, Inc.
          Intel(R) MKL version 11.3.4 (build 20160823) on Intel(R) Advanced Vector Extensions 2 (Intel(R) AVX2) enabled processors, Intel(R) 64 architecture (1 thread)
Computer: PC LINUX EM64T MKL -- DLUDICK-W540
          Linux x86_64 4.4.0-121-generic
          Intel(R) Core(TM) i7-4700MQ CPU @ 2.40GHz; GenuineIntel family 6 model 12 stepping 3 brand id 0
          1 physical CPU with a total of 8 processors found (multi-core CPU with max. 4 cores per physical CPU)
Threads:  OpenMP threading not used
Date:     2018-05-27 13:17:39                     
File:     strip_dipole
Memory:   Unlimited, system allows maximum usage of 15.104 GByte
          (installed memory 15.299 GByte, thereof free 248.266 MByte)
MD5 Check:17D62AEE237187D6FBFC9D3D6C4DE96D
MD5 Total:40F7C453A360AD27BA455E17A64B8543
 Licence:  Altair HyperWorks

 NOTE    35127: You are running a sequential version of FEKO, but it was detected that your CPU has more than one core. For best performance, it would be recommended to run the parallel FEKO kernel (your licence allows this)

SPICE
  Engine:      NGSPICE
  Executable:  /home/dludick/altair/2017/altair/feko/bin/ngspice

          Surface of all triangles in m*m:     9.00000E-03


                         DATA OF THE METALLIC TRIANGLES

 no.       label     x1 in m     y1 in m     z1 in m       edges 
          medium     x2 in m     y2 in m     z2 in m
          medium     x3 in m     y3 in m     z3 in m
                       nx          ny          nz          area in m*m
        1 intern   0.0000E+00  0.0000E+00  0.0000E+00            1           
          Free s   2.0000E-02  0.0000E+00  0.0000E+00
          Free s   0.0000E+00  3.2143E-02  0.0000E+00
                   0.0000E+00  0.0000E+00  1.0000E+00      3.2143E-04
        2 intern   2.0000E-02  3.2143E-02  0.0000E+00           -1         2 
          Free s   0.0000E+00  3.2143E-02  0.0000E+00
          Free s   2.0000E-02  0.0000E+00  0.0000E+00
                   0.0000E+00  0.0000E+00  1.0000E+00      3.2143E-04
        3 intern   0.0000E+00  3.2143E-02  0.0000E+00           -2         3 
          Free s   2.0000E-02  3.2143E-02  0.0000E+00
          Free s   0.0000E+00  6.4286E-02  0.0000E+00
                   0.0000E+00  0.0000E+00  1.0000E+00      3.2143E-04
        4 intern   2.0000E-02  6.4286E-02  0.0000E+00           -3         4 
          Free s   0.0000E+00  6.4286E-02  0.0000E+00
          Free s   2.0000E-02  3.2143E-02  0.0000E+00
                   0.0000E+00  0.0000E+00  1.0000E+00      3.2143E-04
        5 intern   0.0000E+00  6.4286E-02  0.0000E+00           -4         5 
          Free s   2.0000E-02  6.4286E-02  0.0000E+00
          Free s   0.0000E+00  9.6429E-02  0.0000E+00
                   0.0000E+00  0.0000E+00  1.0000E+00      3.2143E-04
        6 intern   2.0000E-02  9.6429E-02  0.0000E+00           -5         6 
          Free s   0.0000E+00  9.6429E-02  0.0000E+00
          Free s   2.0000E-02  6.4286E-02  0.0000E+00
                   0.0000E+00  0.0000E+00  1.0000E+00      3.2143E-04
        7 intern   0.0000E+00  9.6429E-02  0.0000E+00           -6         7 
          Free s   2.0000E-02  9.6429E-02  0.0000E+00
          Free s   0.0000E+00  1.2857E-01  0.0000E+00
                   0.0000E+00  0.0000E+00  1.0000E+00      3.2143E-04
        8 intern   2.0000E-02  1.2857E-01  0.0000E+00           -7         8 
          Free s   0.0000E+00  1.2857E-01  0.0000E+00
          Free s   2.0000E-02  9.6429E-02  0.0000E+00
                   0.0000E+00  0.0000E+00  1.0000E+00      3.2143E-04
        9 intern   0.0000E+00  1.2857E-01  0.0000E+00           -8         9 
          Free s   2.0000E-02  1.2857E-01  0.0000E+00
          Free s   0.0000E+00  1.6071E-01  0.0000E+00
                   0.0000E+00  0.0000E+00  1.0000E+00      3.2143E-04
       10 intern   2.0000E-02  1.6071E-01  0.0000E+00           -9        10 
          Free s   0.0000E+00  1.6071E-01  0.0000E+00
          Free s   2.0000E-02  1.2857E-01  0.0000E+00
                   0.0000E+00  0.0000E+00  1.0000E+00      3.2143E-04
       11 intern   0.0000E+00  1.6071E-01  0.0000E+00          -10        11 
          Free s   2.0000E-02  1.6071E-01  0.0000E+00
          Free s   0.0000E+00  1.9286E-01  0.0000E+00
                   0.0000E+00  0.0000E+00  1.0000E+00      3.2143E-04
       12 intern   2.0000E-02  1.9286E-01  0.0000E+00          -11        12 
          Free s   0.0000E+00  1.9286E-01  0.0000E+00
          Free s   2.0000E-02  1.6071E-01  0.0000E+00
                   0.0000E+00  0.0000E+00  1.0000E+00      3.2143E-04
       13 intern   0.0000E+00  1.9286E-01  0.0000E+00          -12        13 
          Free s   2.0000E-02  1.9286E-01  0.0000E+00
          Free s   0.0000E+00  2.2500E-01  0.0000E+00
                   0.0000E+00  0.0000E+00  1.0000E+00      3.2143E-04
       14 intern   2.0000E-02  2.2500E-01  0.0000E+00          -13        14 
          Free s   0.0000E+00  2.2500E-01  0.0000E+00
          Free s   2.0000E-02  1.9286E-01  0.0000E+00
                   0.0000E+00  0.0000E+00  1.0000E+00      3.2143E-04
       15 intern   0.0000E+00  2.2500E-01  0.0000E+00          -14        15 
          Free s   2.0000E-02  2.2500E-01  0.0000E+00
          Free s   0.0000E+00  2.5714E-01  0.0000E+00
                   0.0000E+00  0.0000E+00  1.0000E+00      3.2143E-04
       16 intern   2.0000E-02  2.5714E-01  0.0000E+00          -15        16 
          Free s   0.0000E+00  2.5714E-01  0.0000E+00
          Free s   2.0000E-02  2.2500E-01  0.0000E+00
                   0.0000E+00  0.0000E+00  1.0000E+00      3.2143E-04
       17 intern   0.0000E+00  2.5714E-01  0.0000E+00          -16        17 
          Free s   2.0000E-02  2.5714E-01  0.0000E+00
          Free s   0.0000E+00  2.8929E-01  0.0000E+00
                   0.0000E+00  0.0000E+00  1.0000E+00      3.2143E-04
       18 intern   2.0000E-02  2.8929E-01  0.0000E+00          -17        18 
          Free s   0.0000E+00  2.8929E-01  0.0000E+00
          Free s   2.0000E-02  2.5714E-01  0.0000E+00
                   0.0000E+00  0.0000E+00  1.0000E+00      3.2143E-04
       19 intern   0.0000E+00  2.8929E-01  0.0000E+00          -18        19 
          Free s   2.0000E-02  2.8929E-01  0.0000E+00
          Free s   0.0000E+00  3.2143E-01  0.0000E+00
                   0.0000E+00  0.0000E+00  1.0000E+00      3.2143E-04
       20 intern   2.0000E-02  3.2143E-01  0.0000E+00          -19        20 
          Free s   0.0000E+00  3.2143E-01  0.0000E+00
          Free s   2.0000E-02  2.8929E-01  0.0000E+00
                   0.0000E+00  0.0000E+00  1.0000E+00      3.2143E-04
       21 intern   0.0000E+00  3.2143E-01  0.0000E+00          -20        21 
          Free s   2.0000E-02  3.2143E-01  0.0000E+00
          Free s   0.0000E+00  3.5357E-01  0.0000E+00
                   0.0000E+00  0.0000E+00  1.0000E+00      3.2143E-04
       22 intern   2.0000E-02  3.5357E-01  0.0000E+00          -21        22 
          Free s   0.0000E+00  3.5357E-01  0.0000E+00
          Free s   2.0000E-02  3.2143E-01  0.0000E+00
                   0.0000E+00  0.0000E+00  1.0000E+00      3.2143E-04
       23 intern   0.0000E+00  3.5357E-01  0.0000E+00          -22        23 
          Free s   2.0000E-02  3.5357E-01  0.0000E+00
          Free s   0.0000E+00  3.8571E-01  0.0000E+00
                   0.0000E+00  0.0000E+00  1.0000E+00      3.2143E-04
       24 intern   2.0000E-02  3.8571E-01  0.0000E+00          -23        24 
          Free s   0.0000E+00  3.8571E-01  0.0000E+00
          Free s   2.0000E-02  3.5357E-01  0.0000E+00
                   0.0000E+00  0.0000E+00  1.0000E+00      3.2143E-04
       25 intern   0.0000E+00  3.8571E-01  0.0000E+00          -24        25 
          Free s   2.0000E-02  3.8571E-01  0.0000E+00
          Free s   0.0000E+00  4.1786E-01  0.0000E+00
                   0.0000E+00  0.0000E+00  1.0000E+00      3.2143E-04
       26 intern   2.0000E-02  4.1786E-01  0.0000E+00          -25        26 
          Free s   0.0000E+00  4.1786E-01  0.0000E+00
          Free s   2.0000E-02  3.8571E-01  0.0000E+00
                   0.0000E+00  0.0000E+00  1.0000E+00      3.2143E-04
       27 intern   0.0000E+00  4.1786E-01  0.0000E+00          -26        27 
          Free s   2.0000E-02  4.1786E-01  0.0000E+00
          Free s   0.0000E+00  4.5000E-01  0.0000E+00
                   0.0000E+00  0.0000E+00  1.0000E+00      3.2143E-04
       28 intern   2.0000E-02  4.5000E-01  0.0000E+00          -27           
          Free s   0.0000E+00  4.5000E-01  0.0000E+00
          Free s   2.0000E-02  4.1786E-01  0.0000E+00
                   0.0000E+00  0.0000E+00  1.0000E+00      3.2143E-04


                         DATA OF THE METALLIC EDGES (with MoM)

                                            triangle no.    points of tr.     information on symmetry
    no.  type      length/m        media     KORP   KORM   POIP   POIM      yz     xz     xy  status
        1   1    3.7857E-02  Free s     -1      1      2      1      1       0      0      0  unknown  
        2   1    2.0000E-02  Free s     -1      2      3      3      3       0      0      0  unknown  
        3   1    3.7857E-02  Free s     -1      3      4      1      1       0      0      0  unknown  
        4   1    2.0000E-02  Free s     -1      4      5      3      3       0      0      0  unknown  
        5   1    3.7857E-02  Free s     -1      5      6      1      1       0      0      0  unknown  
        6   1    2.0000E-02  Free s     -1      6      7      3      3       0      0      0  unknown  
        7   1    3.7857E-02  Free s     -1      7      8      1      1       0      0      0  unknown  
        8   1    2.0000E-02  Free s     -1      8      9      3      3       0      0      0  unknown  
        9   1    3.7857E-02  Free s     -1      9     10      1      1       0      0      0  unknown  
       10   1    2.0000E-02  Free s     -1     10     11      3      3       0      0      0  unknown  
       11   1    3.7857E-02  Free s     -1     11     12      1      1       0      0      0  unknown  
       12   1    2.0000E-02  Free s     -1     12     13      3      3       0      0      0  unknown  
       13   1    3.7857E-02  Free s     -1     13     14      1      1       0      0      0  unknown  
       14   1    2.0000E-02  Free s     -1     14     15      3      3       0      0      0  unknown  
       15   1    3.7857E-02  Free s     -1     15     16      1      1       0      0      0  unknown  
       16   1    2.0000E-02  Free s     -1     16     17      3      3       0      0      0  unknown  
       17   1    3.7857E-02  Free s     -1     17     18      1      1       0      0      0  unknown  
       18   1    2.0000E-02  Free s     -1     18     19      3      3       0      0      0  unknown  
       19   1    3.7857E-02  Free s     -1     19     20      1      1       0      0      0  unknown  
       20   1    2.0000E-02  Free s     -1     20     21      3      3       0      0      0  unknown  
       21   1    3.7857E-02  Free s     -1     21     22      1      1       0      0      0  unknown  
       22   1    2.0000E-02  Free s     -1     22     23      3      3       0      0      0  unknown  
       23   1    3.7857E-02  Free s     -1     23     24      1      1       0      0      0  unknown  
       24   1    2.0000E-02  Free s     -1     24     25      3      3       0      0      0  unknown  
       25   1    3.7857E-02  Free s     -1     25     26      1      1       0      0      0  unknown  
       26   1    2.0000E-02  Free s     -1     26     27      3      3       0      0      0  unknown  
       27   1    3.7857E-02  Free s     -1     27     28      1      1       0      0      0  unknown  


                                DATA FOR MEMORY USAGE

 Number of metallic triangles:              28                                max. triangles:    MAXNDR    =       28
 Number of dielectric triangles:             0
 Number of aperture triangles:               0
 Number of RL-GO triangles:                  0
 Number of windscreen triangles:             0
 Number of FEM surface triangles:            0
 Number of modal port triangles:             0
 Number of metallic segments:                0                                max. segments:     MAXNSEG   =        0
 Number of combined MoM/MTL segments:        0
 Number of dielectr./magnet. cuboids:        0                                max. cuboids:      MAXNQUA   =        0
 Number of tetrahedra:                       0                                max. tetrahedra:   MAXNTETRA =        0
 Number of edges in PO region:               0                                max. edges:        MAXPOKA   =        0
 Number of wedges in PO region:              0                                max. wedges:       MAXPOKL   =        0
 Number of Fock regions:                     0                                max. Fock regions: MAXFOGE   =        0
 Number of polygonal surfaces:               0                                max. surfaces:     MAXPOLYF  =        0
                                                                              max. corner pts.:  MAXPOLYP  =        0
 Number of UTD cylinders:                    0

 Number of metallic edges (MoM):            27  unknown:       27 (electr.)   max. edges:        MAXNKA    =       27
                                             0  unknown:        0 (magnet.)
 Number of metallic edges (PO):              0  unknown:        0 (electr.)
                                                unknown:        0 (magnet.)
 Number of dielectric edges (MoM):           0  unknown:        0 (electr.)
                                             0                  0 (magnet.)
 Number of dielectric edges (PO):            0  unknown:        0 (electr.)
                                                unknown:        0 (magnet.)
 Number of aperture edges (MoM):             0  unknown:        0 (magnet.) 
 Number of edges FEM/MoM surface:            0  unknown:        0 (electr.)
                                             0                  0 (magnet.)
 Number of nodes between segments:           0  unknown:        0             max. nodes:        MAXNKNO   =        0
 Number of connection points:                0  unknown:        0             max. conn.:        MAXNV     =        0
 Number of dielectric cuboids:               0  unknown:        0             max. cuboids:      MAXNQUA   =        0
 Number of magnetic cuboids:                 0  unknown:        0
 Number of dielectric faces (VEP):           0  unknown:        0
 Number of magnetic faces (VEP):             0  unknown:        0

 Number of basis funct. for MoM:            27  unknown:       27             max. basisf.       MAXNZEILE =       42
 Number of basis funct. for PO:              0  unknown:        0             max. basisf.       MAXNKAPO  =        0

 read from input file:
PS       0    1    1    0    0 0.000E+00 0.000E+00 0.000E+00 0.000E+00 0.000E+00 0.000E+00 0.000E+00 0.000E+00
 read from input file:
FR       1    0    0    0    0 2.998E+08 0.000E+00 0.000E+00 0.000E+00 0.000E+00 0.000E+00 0.000E+00 0.000E+00
 read from input file:
DA       1    0    1    0    0 0.000E+00 0.000E+00 0.000E+00 0.000E+00 0.000E+00 0.000E+00 0.000E+00 0.000E+00
 read from input file:
AE       0    3    4    0    1 1.000E+00 0.000E+00 0.000E+00 0.000E+00 0.000E+00 0.000E+00 0.000E+00 0.000E+00
 read from input file:
OS       1    0    1    0    0 0.000E+00 0.000E+00 0.000E+00 0.000E+00 0.000E+00 0.000E+00 0.000E+00 0.000E+00


                                   DATA FOR DIELECTRIC MEDIA

internal  relative     relative  conductivity   tan(delta)    tan(delta)    wavelength   mass density    volume     medium
index  permittivity permeability   in S/m       (electric)    (magnetic)       in m       in kg/m^3      in m^3
    0      1.00000      1.00000  0.00000E+00   0.00000E+00   0.00000E+00   1.00000E+00   0.00000E+00    infinite    Free space



                    EXCITATION BY VOLTAGE SOURCE AT AN EDGE

 Name:                          
 Excitation index:              1
 Frequency in Hz:               FREQ =    2.99792E+08
 Wavelength in m:               LAMBDA =  1.00000E+00
 Open circuit voltage in V:     |U0| =    1.00000E+00 
 Phase in degrees:              ARG(U0) =        0.00
 Attached to port:              Edge port
 Port edge length in m:         2.00000E-02
 Indices of the edges:          14


                         DATA FOR THE GREEN'S FUNCTION

                                   free space


               All segments and triangles are perfectly conducting.


                          DATA FOR STORAGE OF THE MATRIX

 Storage using double precision

 Memory requirement for MoM matrix:        32 rows *       27 columns =         864 complex numbers
 For the MoM matrix, a memory of          864 complex numbers is used (i.e. 13.500 kByte)
 Storing the matrix and solving the linear set of equations in main memory (storage scheme 1)

     A total of 45.923 kByte of memory has been allocated dynamically
     (peak memory usage of 45.923 kByte so far)



               PRE-CONDITIONING OF THE LINEAR SET OF EQUATIONS

               Selected preconditioner algorithm: 1

     CPU time for preconditioning:       0.000 seconds


                    SOLUTION OF THE LINEAR SET OF EQUATIONS WITH LAPAGAU

               Condition number of the matrix:  5.53098E+02

               Floating point performance for LU decomposition:
                    Not determined since computation time too short

     CPU time for solving the linear set of equations:       0.000 seconds


                         DATA OF THE VOLTAGE SOURCE NO. 1

                    real part  imag. part   magnitude       phase
 Current   in A    1.4108E-02  5.1185E-03  1.5008E-02       19.94
 Admitt.   in A/V  1.4108E-02  5.1185E-03  1.5008E-02       19.94
 Impedance in Ohm  6.2636E+01 -2.2725E+01  6.6631E+01      -19.94
 Capacitance in F  2.3361E-11

                         Power in Watt: 7.05406E-03


                              SCATTERING PARAMETERS

       ports                                        magnitude          phase 
    sink source     real part   imag. part      linear      in dB     in deg.
 S     1      1   1.46913E-01 -1.72115E-01   2.26289E-01  -12.9067    -49.52
         Sum |S|^2 of these S-parameters:    5.12068E-02  -12.9067
         Reference impedance in Ohm:  5.00000E+01





           VALUES OF THE CURRENT DENSITY VECTOR ON TRIANGLES in A/m (no averaging)          

Triangle        centre                                     JX                JY                JZ         Current magnitude in the
number           x/m          y/m          z/m      magn.    phase    magn.    phase    magn.    phase    3 corner points
        1   6.66667E-03  1.07143E-02  0.00000E+00 2.633E-02    9.41 4.232E-02    9.41 0.000E+00    0.00   0.000E+00  7.900E-02  1.270E-01
        2   1.33333E-02  2.14286E-02  0.00000E+00 1.827E-02 -169.71 1.857E-01    9.69 0.000E+00    0.00   2.151E-01  2.219E-01  1.270E-01
        3   6.66667E-03  4.28571E-02  0.00000E+00 1.553E-02   11.77 2.400E-01    9.98 0.000E+00    0.00   2.151E-01  2.200E-01  2.899E-01
        4   1.33333E-02  5.35714E-02  0.00000E+00 1.507E-02 -167.59 3.383E-01   10.59 0.000E+00    0.00   3.625E-01  3.653E-01  2.899E-01
        5   6.66667E-03  7.50000E-02  0.00000E+00 1.337E-02   14.20 3.839E-01   10.90 0.000E+00    0.00   3.625E-01  3.647E-01  4.269E-01
        6   1.33333E-02  8.57143E-02  0.00000E+00 1.269E-02 -164.87 4.676E-01   11.57 0.000E+00    0.00   4.879E-01  4.894E-01  4.269E-01
        7   6.66667E-03  1.07143E-01  0.00000E+00 1.102E-02   17.68 5.055E-01   11.93 0.000E+00    0.00   4.879E-01  4.890E-01  5.408E-01
        8   1.33333E-02  1.17857E-01  0.00000E+00 1.030E-02 -160.90 5.737E-01   12.70 0.000E+00    0.00   5.901E-01  5.909E-01  5.408E-01
        9   6.66667E-03  1.39286E-01  0.00000E+00 8.543E-03   23.40 6.036E-01   13.12 0.000E+00    0.00   5.901E-01  5.907E-01  6.307E-01
       10   1.33333E-02  1.50000E-01  0.00000E+00 7.797E-03 -154.03 6.552E-01   14.03 0.000E+00    0.00   6.674E-01  6.678E-01  6.307E-01
       11   6.66667E-03  1.71429E-01  0.00000E+00 6.093E-03   35.15 6.766E-01   14.55 0.000E+00    0.00   6.674E-01  6.677E-01  6.949E-01
       12   1.33333E-02  1.82143E-01  0.00000E+00 5.348E-03 -140.09 7.106E-01   15.70 0.000E+00    0.00   7.184E-01  7.186E-01  6.949E-01
       13   6.66667E-03  2.03571E-01  0.00000E+00 4.565E-03   64.26 7.233E-01   16.41 0.000E+00    0.00   7.184E-01  7.186E-01  7.333E-01
       14   1.33333E-02  2.14286E-01  0.00000E+00 8.018E-03  -97.71 7.445E-01   19.06 0.000E+00    0.00   7.504E-01  7.508E-01  7.333E-01
       15   6.66667E-03  2.35714E-01  0.00000E+00 8.018E-03  -97.71 7.445E-01   19.06 0.000E+00    0.00   7.504E-01  7.508E-01  7.333E-01
       16   1.33333E-02  2.46429E-01  0.00000E+00 4.565E-03   64.26 7.233E-01   16.41 0.000E+00    0.00   7.184E-01  7.186E-01  7.333E-01
       17   6.66667E-03  2.67857E-01  0.00000E+00 5.348E-03 -140.09 7.106E-01   15.70 0.000E+00    0.00   7.184E-01  7.186E-01  6.949E-01
       18   1.33333E-02  2.78571E-01  0.00000E+00 6.093E-03   35.15 6.766E-01   14.55 0.000E+00    0.00   6.674E-01  6.677E-01  6.949E-01
       19   6.66667E-03  3.00000E-01  0.00000E+00 7.797E-03 -154.03 6.552E-01   14.03 0.000E+00    0.00   6.674E-01  6.678E-01  6.307E-01
       20   1.33333E-02  3.10714E-01  0.00000E+00 8.543E-03   23.40 6.036E-01   13.12 0.000E+00    0.00   5.901E-01  5.907E-01  6.307E-01
       21   6.66667E-03  3.32143E-01  0.00000E+00 1.030E-02 -160.90 5.737E-01   12.70 0.000E+00    0.00   5.901E-01  5.909E-01  5.408E-01
       22   1.33333E-02  3.42857E-01  0.00000E+00 1.102E-02   17.68 5.055E-01   11.93 0.000E+00    0.00   4.879E-01  4.890E-01  5.408E-01
       23   6.66667E-03  3.64286E-01  0.00000E+00 1.269E-02 -164.87 4.676E-01   11.57 0.000E+00    0.00   4.879E-01  4.894E-01  4.269E-01
       24   1.33333E-02  3.75000E-01  0.00000E+00 1.337E-02   14.20 3.839E-01   10.90 0.000E+00    0.00   3.625E-01  3.647E-01  4.269E-01
       25   6.66667E-03  3.96429E-01  0.00000E+00 1.507E-02 -167.59 3.383E-01   10.59 0.000E+00    0.00   3.625E-01  3.653E-01  2.899E-01
       26   1.33333E-02  4.07143E-01  0.00000E+00 1.553E-02   11.77 2.400E-01    9.98 0.000E+00    0.00   2.151E-01  2.200E-01  2.899E-01
       27   6.66667E-03  4.28571E-01  0.00000E+00 1.827E-02 -169.71 1.857E-01    9.69 0.000E+00    0.00   2.151E-01  2.219E-01  1.270E-01
       28   1.33333E-02  4.39286E-01  0.00000E+00 2.633E-02    9.41 4.232E-02    9.41 0.000E+00    0.00   0.000E+00  7.900E-02  1.270E-01



          VALUES OF THE SURFACE CHARGE DENSITY ON TRIANGLES in As/m^2

Triangle            SIGMA
number         magn.      phase
        1    4.19396E-09   99.41
        2    2.91015E-09  100.29
        3    2.47346E-09  101.77
        4    2.39933E-09  102.41
        5    2.12959E-09  104.20
        6    2.02058E-09  105.13
        7    1.75508E-09  107.68
        8    1.64006E-09  109.10
        9    1.36058E-09  113.40
       10    1.24173E-09  115.97
       11    9.70348E-10  125.15
       12    8.51674E-10  129.91
       13    7.27029E-10  154.26
       14    1.27704E-09  172.29
       15    1.27704E-09   -7.71
       16    7.27029E-10  -25.74
       17    8.51674E-10  -50.09
       18    9.70348E-10  -54.85
       19    1.24173E-09  -64.03
       20    1.36058E-09  -66.60
       21    1.64006E-09  -70.90
       22    1.75508E-09  -72.32
       23    2.02058E-09  -74.87
       24    2.12959E-09  -75.80
       25    2.39933E-09  -77.59
       26    2.47346E-09  -78.23
       27    2.91015E-09  -79.71
       28    4.19396E-09  -80.59



                              SUMMARY OF LOSSES

          Metallic elements:                          0.0000E+00 W
          Dielectric:                                 0.0000E+00 W
          Mismatch at feed:                           0.0000E+00 W
          Non-radiating networks:                     0.0000E+00 W
          Cables:                                     0.0000E+00 W
          Backward power at passive waveguide ports:  0.0000E+00 W
          Backward power at passive modal ports:      0.0000E+00 W
                                                     -------------
                Sum of all losses:                    0.0000E+00 W

          Efficiency of the antenna:                    100.0000 %
          (based on a total active power:             7.0541E-03 W)

 read from input file:
FE       1    1    1   91    2 1.000E+02 9.000E+01 0.000E+00 0.000E+00 1.000E+00 1.000E+00 0.000E+00 0.000E+00


                              VALUES OF THE ELECTRIC FIELD STRENGTH in V/m

                                 (total field, incident and scattered)

                   LOCATION                               ER                 ETHETA                EPHI 
medium      R/m         THETA         PHI          magn.     phase      magn.     phase      magn.     phase
    0   1.00000E+02  9.00000E+01  0.00000E+00   1.86729E-05  -72.78  0.00000E+00    0.00  8.28573E-03  -72.70
    0   1.00000E+02  9.00000E+01  1.00000E+00   1.86038E-05  -69.66  0.00000E+00    0.00  8.28460E-03  -71.28
    0   1.00000E+02  9.00000E+01  2.00000E+00   1.85411E-05  -66.53  0.00000E+00    0.00  8.27992E-03  -69.87
    0   1.00000E+02  9.00000E+01  3.00000E+00   1.84848E-05  -63.39  0.00000E+00    0.00  8.27170E-03  -68.46
    0   1.00000E+02  9.00000E+01  4.00000E+00   1.84347E-05  -60.25  0.00000E+00    0.00  8.25994E-03  -67.05
    0   1.00000E+02  9.00000E+01  5.00000E+00   1.83910E-05  -57.10  0.00000E+00    0.00  8.24467E-03  -65.64
    0   1.00000E+02  9.00000E+01  6.00000E+00   1.83534E-05  -53.95  0.00000E+00    0.00  8.22589E-03  -64.24
    0   1.00000E+02  9.00000E+01  7.00000E+00   1.83218E-05  -50.80  0.00000E+00    0.00  8.20363E-03  -62.83
    0   1.00000E+02  9.00000E+01  8.00000E+00   1.82961E-05  -47.65  0.00000E+00    0.00  8.17792E-03  -61.44
    0   1.00000E+02  9.00000E+01  9.00000E+00   1.82762E-05  -44.51  0.00000E+00    0.00  8.14878E-03  -60.04
    0   1.00000E+02  9.00000E+01  1.00000E+01   1.82617E-05  -41.37  0.00000E+00    0.00  8.11625E-03  -58.66
    0   1.00000E+02  9.00000E+01  1.10000E+01   1.82525E-05  -38.24  0.00000E+00    0.00  8.08036E-03  -57.27
    0   1.00000E+02  9.00000E+01  1.20000E+01   1.82484E-05  -35.12  0.00000E+00    0.00  8.04116E-03  -55.89
    0   1.00000E+02  9.00000E+01  1.30000E+01   1.82490E-05  -32.01  0.00000E+00    0.00  7.99868E-03  -54.52
    0   1.00000E+02  9.00000E+01  1.40000E+01   1.82541E-05  -28.91  0.00000E+00    0.00  7.95299E-03  -53.15
    0   1.00000E+02  9.00000E+01  1.50000E+01   1.82635E-05  -25.83  0.00000E+00    0.00  7.90411E-03  -51.79
    0   1.00000E+02  9.00000E+01  1.60000E+01   1.82768E-05  -22.76  0.00000E+00    0.00  7.85212E-03  -50.44
    0   1.00000E+02  9.00000E+01  1.70000E+01   1.82939E-05  -19.71  0.00000E+00    0.00  7.79707E-03  -49.10
    0   1.00000E+02  9.00000E+01  1.80000E+01   1.83143E-05  -16.68  0.00000E+00    0.00  7.73901E-03  -47.76
    0   1.00000E+02  9.00000E+01  1.90000E+01   1.83380E-05  -13.66  0.00000E+00    0.00  7.67801E-03  -46.43
    0   1.00000E+02  9.00000E+01  2.00000E+01   1.83645E-05  -10.67  0.00000E+00    0.00  7.61413E-03  -45.11
    0   1.00000E+02  9.00000E+01  2.10000E+01   1.83937E-05   -7.69  0.00000E+00    0.00  7.54744E-03  -43.80
    0   1.00000E+02  9.00000E+01  2.20000E+01   1.84252E-05   -4.74  0.00000E+00    0.00  7.47802E-03  -42.50
    0   1.00000E+02  9.00000E+01  2.30000E+01   1.84591E-05   -1.80  0.00000E+00    0.00  7.40592E-03  -41.20
    0   1.00000E+02  9.00000E+01  2.40000E+01   1.84949E-05    1.11  0.00000E+00    0.00  7.33123E-03  -39.92
    0   1.00000E+02  9.00000E+01  2.50000E+01   1.85325E-05    4.00  0.00000E+00    0.00  7.25401E-03  -38.65
    0   1.00000E+02  9.00000E+01  2.60000E+01   1.85718E-05    6.87  0.00000E+00    0.00  7.17435E-03  -37.39
    0   1.00000E+02  9.00000E+01  2.70000E+01   1.86126E-05    9.71  0.00000E+00    0.00  7.09232E-03  -36.14
    0   1.00000E+02  9.00000E+01  2.80000E+01   1.86548E-05   12.53  0.00000E+00    0.00  7.00800E-03  -34.91
    0   1.00000E+02  9.00000E+01  2.90000E+01   1.86983E-05   15.32  0.00000E+00    0.00  6.92147E-03  -33.68
    0   1.00000E+02  9.00000E+01  3.00000E+01   1.87430E-05   18.09  0.00000E+00    0.00  6.83280E-03  -32.47
    0   1.00000E+02  9.00000E+01  3.10000E+01   1.87888E-05   20.83  0.00000E+00    0.00  6.74209E-03  -31.27
    0   1.00000E+02  9.00000E+01  3.20000E+01   1.88357E-05   23.55  0.00000E+00    0.00  6.64940E-03  -30.09
    0   1.00000E+02  9.00000E+01  3.30000E+01   1.88836E-05   26.24  0.00000E+00    0.00  6.55482E-03  -28.92
    0   1.00000E+02  9.00000E+01  3.40000E+01   1.89326E-05   28.91  0.00000E+00    0.00  6.45843E-03  -27.76
    0   1.00000E+02  9.00000E+01  3.50000E+01   1.89826E-05   31.55  0.00000E+00    0.00  6.36031E-03  -26.62
    0   1.00000E+02  9.00000E+01  3.60000E+01   1.90337E-05   34.16  0.00000E+00    0.00  6.26054E-03  -25.49
    0   1.00000E+02  9.00000E+01  3.70000E+01   1.90858E-05   36.74  0.00000E+00    0.00  6.15920E-03  -24.38
    0   1.00000E+02  9.00000E+01  3.80000E+01   1.91391E-05   39.30  0.00000E+00    0.00  6.05637E-03  -23.28
    0   1.00000E+02  9.00000E+01  3.90000E+01   1.91935E-05   41.82  0.00000E+00    0.00  5.95212E-03  -22.20
    0   1.00000E+02  9.00000E+01  4.00000E+01   1.92491E-05   44.32  0.00000E+00    0.00  5.84653E-03  -21.14
    0   1.00000E+02  9.00000E+01  4.10000E+01   1.93059E-05   46.79  0.00000E+00    0.00  5.73969E-03  -20.09
    0   1.00000E+02  9.00000E+01  4.20000E+01   1.93641E-05   49.22  0.00000E+00    0.00  5.63165E-03  -19.06
    0   1.00000E+02  9.00000E+01  4.30000E+01   1.94236E-05   51.63  0.00000E+00    0.00  5.52250E-03  -18.04
    0   1.00000E+02  9.00000E+01  4.40000E+01   1.94846E-05   54.00  0.00000E+00    0.00  5.41231E-03  -17.05
    0   1.00000E+02  9.00000E+01  4.50000E+01   1.95471E-05   56.34  0.00000E+00    0.00  5.30114E-03  -16.07
    0   1.00000E+02  9.00000E+01  4.60000E+01   1.96111E-05   58.65  0.00000E+00    0.00  5.18907E-03  -15.11
    0   1.00000E+02  9.00000E+01  4.70000E+01   1.96767E-05   60.92  0.00000E+00    0.00  5.07616E-03  -14.16
    0   1.00000E+02  9.00000E+01  4.80000E+01   1.97439E-05   63.15  0.00000E+00    0.00  4.96247E-03  -13.24
    0   1.00000E+02  9.00000E+01  4.90000E+01   1.98128E-05   65.35  0.00000E+00    0.00  4.84806E-03  -12.33
    0   1.00000E+02  9.00000E+01  5.00000E+01   1.98833E-05   67.51  0.00000E+00    0.00  4.73300E-03  -11.45
    0   1.00000E+02  9.00000E+01  5.10000E+01   1.99555E-05   69.64  0.00000E+00    0.00  4.61735E-03  -10.58
    0   1.00000E+02  9.00000E+01  5.20000E+01   2.00295E-05   71.72  0.00000E+00    0.00  4.50115E-03   -9.74
    0   1.00000E+02  9.00000E+01  5.30000E+01   2.01050E-05   73.77  0.00000E+00    0.00  4.38446E-03   -8.91
    0   1.00000E+02  9.00000E+01  5.40000E+01   2.01823E-05   75.77  0.00000E+00    0.00  4.26734E-03   -8.11
    0   1.00000E+02  9.00000E+01  5.50000E+01   2.02611E-05   77.74  0.00000E+00    0.00  4.14983E-03   -7.32
    0   1.00000E+02  9.00000E+01  5.60000E+01   2.03415E-05   79.66  0.00000E+00    0.00  4.03197E-03   -6.56
    0   1.00000E+02  9.00000E+01  5.70000E+01   2.04233E-05   81.54  0.00000E+00    0.00  3.91382E-03   -5.81
    0   1.00000E+02  9.00000E+01  5.80000E+01   2.05066E-05   83.37  0.00000E+00    0.00  3.79540E-03   -5.09
    0   1.00000E+02  9.00000E+01  5.90000E+01   2.05911E-05   85.16  0.00000E+00    0.00  3.67677E-03   -4.39
    0   1.00000E+02  9.00000E+01  6.00000E+01   2.06768E-05   86.90  0.00000E+00    0.00  3.55795E-03   -3.71
    0   1.00000E+02  9.00000E+01  6.10000E+01   2.07635E-05   88.59  0.00000E+00    0.00  3.43899E-03   -3.06
    0   1.00000E+02  9.00000E+01  6.20000E+01   2.08512E-05   90.24  0.00000E+00    0.00  3.31990E-03   -2.42
    0   1.00000E+02  9.00000E+01  6.30000E+01   2.09396E-05   91.84  0.00000E+00    0.00  3.20073E-03   -1.81
    0   1.00000E+02  9.00000E+01  6.40000E+01   2.10286E-05   93.39  0.00000E+00    0.00  3.08149E-03   -1.22
    0   1.00000E+02  9.00000E+01  6.50000E+01   2.11180E-05   94.89  0.00000E+00    0.00  2.96222E-03   -0.65
    0   1.00000E+02  9.00000E+01  6.60000E+01   2.12076E-05   96.35  0.00000E+00    0.00  2.84293E-03   -0.11
    0   1.00000E+02  9.00000E+01  6.70000E+01   2.12972E-05   97.75  0.00000E+00    0.00  2.72364E-03    0.41
    0   1.00000E+02  9.00000E+01  6.80000E+01   2.13867E-05   99.09  0.00000E+00    0.00  2.60438E-03    0.91
    0   1.00000E+02  9.00000E+01  6.90000E+01   2.14757E-05  100.39  0.00000E+00    0.00  2.48515E-03    1.39
    0   1.00000E+02  9.00000E+01  7.00000E+01   2.15641E-05  101.64  0.00000E+00    0.00  2.36597E-03    1.84
    0   1.00000E+02  9.00000E+01  7.10000E+01   2.16517E-05  102.83  0.00000E+00    0.00  2.24685E-03    2.27
    0   1.00000E+02  9.00000E+01  7.20000E+01   2.17382E-05  103.96  0.00000E+00    0.00  2.12781E-03    2.68
    0   1.00000E+02  9.00000E+01  7.30000E+01   2.18233E-05  105.05  0.00000E+00    0.00  2.00884E-03    3.06
    0   1.00000E+02  9.00000E+01  7.40000E+01   2.19069E-05  106.08  0.00000E+00    0.00  1.88996E-03    3.42
    0   1.00000E+02  9.00000E+01  7.50000E+01   2.19887E-05  107.05  0.00000E+00    0.00  1.77116E-03    3.75
    0   1.00000E+02  9.00000E+01  7.60000E+01   2.20685E-05  107.97  0.00000E+00    0.00  1.65246E-03    4.07
    0   1.00000E+02  9.00000E+01  7.70000E+01   2.21459E-05  108.84  0.00000E+00    0.00  1.53385E-03    4.36
    0   1.00000E+02  9.00000E+01  7.80000E+01   2.22208E-05  109.65  0.00000E+00    0.00  1.41533E-03    4.63
    0   1.00000E+02  9.00000E+01  7.90000E+01   2.22929E-05  110.41  0.00000E+00    0.00  1.29690E-03    4.88
    0   1.00000E+02  9.00000E+01  8.00000E+01   2.23620E-05  111.10  0.00000E+00    0.00  1.17855E-03    5.10
    0   1.00000E+02  9.00000E+01  8.10000E+01   2.24279E-05  111.75  0.00000E+00    0.00  1.06029E-03    5.31
    0   1.00000E+02  9.00000E+01  8.20000E+01   2.24903E-05  112.34  0.00000E+00    0.00  9.42101E-04    5.50
    0   1.00000E+02  9.00000E+01  8.30000E+01   2.25489E-05  112.87  0.00000E+00    0.00  8.23985E-04    5.68
    0   1.00000E+02  9.00000E+01  8.40000E+01   2.26036E-05  113.34  0.00000E+00    0.00  7.05932E-04    5.85
    0   1.00000E+02  9.00000E+01  8.50000E+01   2.26542E-05  113.76  0.00000E+00    0.00  5.87935E-04    6.02
    0   1.00000E+02  9.00000E+01  8.60000E+01   2.27003E-05  114.12  0.00000E+00    0.00  4.69987E-04    6.22
    0   1.00000E+02  9.00000E+01  8.70000E+01   2.27420E-05  114.43  0.00000E+00    0.00  3.52080E-04    6.48
    0   1.00000E+02  9.00000E+01  8.80000E+01   2.27788E-05  114.67  0.00000E+00    0.00  2.34214E-04    6.97
    0   1.00000E+02  9.00000E+01  8.90000E+01   2.28108E-05  114.87  0.00000E+00    0.00  1.16415E-04    8.40
    0   1.00000E+02  9.00000E+01  9.00000E+01   2.28376E-05  115.00  0.00000E+00    0.00  6.11526E-06  110.63

 read from input file:
FF       1    1   91    0    0 9.000E+01 0.000E+00 1.000E+00 1.000E+00 0.000E+00 0.000E+00 0.000E+00 0.000E+00

                     FAST METHOD FOR FAR FIELD CALCULATIONS

                                    disabled


      VALUES OF THE SCATTERED ELECTRIC FIELD STRENGTH IN THE FAR FIELD in V
                    Factor e^(-j*Re{BETA}*R)/R not considered

       LOCATION          ETHETA             EPHI              directivity in dB             POLARISATION
   THETA    PHI      magn.    phase     magn.    phase     vert.     horiz.    total     axial r. angle   direction
   90.00    0.00   0.000E+00    0.00  8.281E-01  -72.50  -999.9999    2.0992    2.0992   0.0000    90.00   LINEAR
   90.00    1.00   0.000E+00    0.00  8.280E-01  -71.08  -999.9999    2.0973    2.0973   0.0000    90.00   LINEAR
   90.00    2.00   0.000E+00    0.00  8.274E-01  -69.67  -999.9999    2.0916    2.0916   0.0000    90.00   LINEAR
   90.00    3.00   0.000E+00    0.00  8.265E-01  -68.26  -999.9999    2.0822    2.0822   0.0000    90.00   LINEAR
   90.00    4.00   0.000E+00    0.00  8.253E-01  -66.85  -999.9999    2.0691    2.0691   0.0000    90.00   LINEAR
   90.00    5.00   0.000E+00    0.00  8.237E-01  -65.44  -999.9999    2.0523    2.0523   0.0000    90.00   LINEAR
   90.00    6.00   0.000E+00    0.00  8.217E-01  -64.04  -999.9999    2.0317    2.0317   0.0000    90.00   LINEAR
   90.00    7.00   0.000E+00    0.00  8.194E-01  -62.64  -999.9999    2.0074    2.0074   0.0000    90.00   LINEAR
   90.00    8.00   0.000E+00    0.00  8.168E-01  -61.24  -999.9999    1.9794    1.9794   0.0000    90.00   LINEAR
   90.00    9.00   0.000E+00    0.00  8.138E-01  -59.85  -999.9999    1.9477    1.9477   0.0000    90.00   LINEAR
   90.00   10.00   0.000E+00    0.00  8.105E-01  -58.46  -999.9999    1.9122    1.9122   0.0000    90.00   LINEAR
   90.00   11.00   0.000E+00    0.00  8.068E-01  -57.08  -999.9999    1.8729    1.8729   0.0000    90.00   LINEAR
   90.00   12.00   0.000E+00    0.00  8.029E-01  -55.70  -999.9999    1.8300    1.8300   0.0000    90.00   LINEAR
   90.00   13.00   0.000E+00    0.00  7.986E-01  -54.33  -999.9999    1.7833    1.7833   0.0000    90.00   LINEAR
   90.00   14.00   0.000E+00    0.00  7.939E-01  -52.96  -999.9999    1.7328    1.7328   0.0000    90.00   LINEAR
   90.00   15.00   0.000E+00    0.00  7.890E-01  -51.61  -999.9999    1.6785    1.6785   0.0000    90.00   LINEAR
   90.00   16.00   0.000E+00    0.00  7.837E-01  -50.26  -999.9999    1.6205    1.6205   0.0000    90.00   LINEAR
   90.00   17.00   0.000E+00    0.00  7.782E-01  -48.91  -999.9999    1.5587    1.5587   0.0000    90.00   LINEAR
   90.00   18.00   0.000E+00    0.00  7.723E-01  -47.58  -999.9999    1.4931    1.4931   0.0000    90.00   LINEAR
   90.00   19.00   0.000E+00    0.00  7.662E-01  -46.25  -999.9999    1.4237    1.4237   0.0000    90.00   LINEAR
   90.00   20.00   0.000E+00    0.00  7.597E-01  -44.93  -999.9999    1.3505    1.3505   0.0000    90.00   LINEAR
   90.00   21.00   0.000E+00    0.00  7.530E-01  -43.62  -999.9999    1.2734    1.2734   0.0000    90.00   LINEAR
   90.00   22.00   0.000E+00    0.00  7.461E-01  -42.32  -999.9999    1.1925    1.1925   0.0000    90.00   LINEAR
   90.00   23.00   0.000E+00    0.00  7.388E-01  -41.03  -999.9999    1.1077    1.1077   0.0000    90.00   LINEAR
   90.00   24.00   0.000E+00    0.00  7.313E-01  -39.76  -999.9999    1.0191    1.0191   0.0000    90.00   LINEAR
   90.00   25.00   0.000E+00    0.00  7.236E-01  -38.49  -999.9999    0.9265    0.9265   0.0000    90.00   LINEAR
   90.00   26.00   0.000E+00    0.00  7.156E-01  -37.23  -999.9999    0.8300    0.8300   0.0000    90.00   LINEAR
   90.00   27.00   0.000E+00    0.00  7.073E-01  -35.98  -999.9999    0.7295    0.7295   0.0000    90.00   LINEAR
   90.00   28.00   0.000E+00    0.00  6.989E-01  -34.75  -999.9999    0.6250    0.6250   0.0000    90.00   LINEAR
   90.00   29.00   0.000E+00    0.00  6.902E-01  -33.53  -999.9999    0.5166    0.5166   0.0000    90.00   LINEAR
   90.00   30.00   0.000E+00    0.00  6.813E-01  -32.32  -999.9999    0.4040    0.4040   0.0000    90.00   LINEAR
   90.00   31.00   0.000E+00    0.00  6.722E-01  -31.13  -999.9999    0.2874    0.2874   0.0000    90.00   LINEAR
   90.00   32.00   0.000E+00    0.00  6.629E-01  -29.94  -999.9999    0.1667    0.1667   0.0000    90.00   LINEAR
   90.00   33.00   0.000E+00    0.00  6.535E-01  -28.78  -999.9999    0.0417    0.0417   0.0000    90.00   LINEAR
   90.00   34.00   0.000E+00    0.00  6.438E-01  -27.62  -999.9999   -0.0874   -0.0874   0.0000    90.00   LINEAR
   90.00   35.00   0.000E+00    0.00  6.340E-01  -26.48  -999.9999   -0.2209   -0.2209   0.0000    90.00   LINEAR
   90.00   36.00   0.000E+00    0.00  6.240E-01  -25.36  -999.9999   -0.3587   -0.3587   0.0000    90.00   LINEAR
   90.00   37.00   0.000E+00    0.00  6.139E-01  -24.25  -999.9999   -0.5009   -0.5009   0.0000    90.00   LINEAR
   90.00   38.00   0.000E+00    0.00  6.036E-01  -23.15  -999.9999   -0.6475   -0.6475   0.0000    90.00   LINEAR
   90.00   39.00   0.000E+00    0.00  5.932E-01  -22.08  -999.9999   -0.7987   -0.7987   0.0000    90.00   LINEAR
   90.00   40.00   0.000E+00    0.00  5.827E-01  -21.02  -999.9999   -0.9546   -0.9546   0.0000    90.00   LINEAR
   90.00   41.00   0.000E+00    0.00  5.720E-01  -19.97  -999.9999   -1.1152   -1.1152   0.0000    90.00   LINEAR
   90.00   42.00   0.000E+00    0.00  5.612E-01  -18.94  -999.9999   -1.2806   -1.2806   0.0000    90.00   LINEAR
   90.00   43.00   0.000E+00    0.00  5.503E-01  -17.93  -999.9999   -1.4509   -1.4509   0.0000    90.00   LINEAR
   90.00   44.00   0.000E+00    0.00  5.393E-01  -16.94  -999.9999   -1.6263   -1.6263   0.0000    90.00   LINEAR
   90.00   45.00   0.000E+00    0.00  5.282E-01  -15.96  -999.9999   -1.8069   -1.8069   0.0000    90.00   LINEAR
   90.00   46.00   0.000E+00    0.00  5.170E-01  -15.00  -999.9999   -1.9928   -1.9928   0.0000    90.00   LINEAR
   90.00   47.00   0.000E+00    0.00  5.058E-01  -14.06  -999.9999   -2.1841   -2.1841   0.0000    90.00   LINEAR
   90.00   48.00   0.000E+00    0.00  4.944E-01  -13.14  -999.9999   -2.3811   -2.3811   0.0000    90.00   LINEAR
   90.00   49.00   0.000E+00    0.00  4.830E-01  -12.24  -999.9999   -2.5840   -2.5840   0.0000    90.00   LINEAR
   90.00   50.00   0.000E+00    0.00  4.715E-01  -11.36  -999.9999   -2.7928   -2.7928   0.0000    90.00   LINEAR
   90.00   51.00   0.000E+00    0.00  4.600E-01  -10.50  -999.9999   -3.0079   -3.0079   0.0000    90.00   LINEAR
   90.00   52.00   0.000E+00    0.00  4.484E-01   -9.66  -999.9999   -3.2294   -3.2294   0.0000    90.00   LINEAR
   90.00   53.00   0.000E+00    0.00  4.368E-01   -8.83  -999.9999   -3.4577   -3.4577   0.0000    90.00   LINEAR
   90.00   54.00   0.000E+00    0.00  4.251E-01   -8.03  -999.9999   -3.6931   -3.6931   0.0000    90.00   LINEAR
   90.00   55.00   0.000E+00    0.00  4.134E-01   -7.25  -999.9999   -3.9357   -3.9357   0.0000    90.00   LINEAR
   90.00   56.00   0.000E+00    0.00  4.016E-01   -6.49  -999.9999   -4.1860   -4.1860   0.0000    90.00   LINEAR
   90.00   57.00   0.000E+00    0.00  3.899E-01   -5.75  -999.9999   -4.4445   -4.4445   0.0000    90.00   LINEAR
   90.00   58.00   0.000E+00    0.00  3.781E-01   -5.03  -999.9999   -4.7113   -4.7113   0.0000    90.00   LINEAR
   90.00   59.00   0.000E+00    0.00  3.663E-01   -4.33  -999.9999   -4.9872   -4.9872   0.0000    90.00   LINEAR
   90.00   60.00   0.000E+00    0.00  3.544E-01   -3.65  -999.9999   -5.2725   -5.2725   0.0000    90.00   LINEAR
   90.00   61.00   0.000E+00    0.00  3.426E-01   -3.00  -999.9999   -5.5679   -5.5679   0.0000    90.00   LINEAR
   90.00   62.00   0.000E+00    0.00  3.307E-01   -2.37  -999.9999   -5.8739   -5.8739   0.0000    90.00   LINEAR
   90.00   63.00   0.000E+00    0.00  3.188E-01   -1.76  -999.9999   -6.1913   -6.1913   0.0000    90.00   LINEAR
   90.00   64.00   0.000E+00    0.00  3.070E-01   -1.17  -999.9999   -6.5209   -6.5209   0.0000    90.00   LINEAR
   90.00   65.00   0.000E+00    0.00  2.951E-01   -0.61  -999.9999   -6.8637   -6.8637   0.0000    90.00   LINEAR
   90.00   66.00   0.000E+00    0.00  2.832E-01   -0.07  -999.9999   -7.2205   -7.2205   0.0000    90.00   LINEAR
   90.00   67.00   0.000E+00    0.00  2.713E-01    0.45  -999.9999   -7.5925   -7.5925   0.0000    90.00   LINEAR
   90.00   68.00   0.000E+00    0.00  2.595E-01    0.95  -999.9999   -7.9812   -7.9812   0.0000    90.00   LINEAR
   90.00   69.00   0.000E+00    0.00  2.476E-01    1.42  -999.9999   -8.3878   -8.3878   0.0000    90.00   LINEAR
   90.00   70.00   0.000E+00    0.00  2.357E-01    1.87  -999.9999   -8.8143   -8.8143   0.0000    90.00   LINEAR
   90.00   71.00   0.000E+00    0.00  2.239E-01    2.30  -999.9999   -9.2625   -9.2625   0.0000    90.00   LINEAR
   90.00   72.00   0.000E+00    0.00  2.120E-01    2.71  -999.9999   -9.7348   -9.7348   0.0000    90.00   LINEAR
   90.00   73.00   0.000E+00    0.00  2.002E-01    3.09  -999.9999  -10.2339  -10.2339   0.0000    90.00   LINEAR
   90.00   74.00   0.000E+00    0.00  1.884E-01    3.44  -999.9999  -10.7630  -10.7630   0.0000    90.00   LINEAR
   90.00   75.00   0.000E+00    0.00  1.765E-01    3.78  -999.9999  -11.3261  -11.3261   0.0000    90.00   LINEAR
   90.00   76.00   0.000E+00    0.00  1.647E-01    4.09  -999.9999  -11.9276  -11.9276   0.0000    90.00   LINEAR
   90.00   77.00   0.000E+00    0.00  1.529E-01    4.38  -999.9999  -12.5734  -12.5734   0.0000    90.00   LINEAR
   90.00   78.00   0.000E+00    0.00  1.411E-01    4.65  -999.9999  -13.2705  -13.2705   0.0000    90.00   LINEAR
   90.00   79.00   0.000E+00    0.00  1.293E-01    4.90  -999.9999  -14.0279  -14.0279   0.0000    90.00   LINEAR
   90.00   80.00   0.000E+00    0.00  1.176E-01    5.12  -999.9999  -14.8570  -14.8570   0.0000    90.00   LINEAR
   90.00   81.00   0.000E+00    0.00  1.058E-01    5.33  -999.9999  -15.7731  -15.7731   0.0000    90.00   LINEAR
   90.00   82.00   0.000E+00    0.00  9.404E-02    5.52  -999.9999  -16.7965  -16.7965   0.0000    90.00   LINEAR
   90.00   83.00   0.000E+00    0.00  8.229E-02    5.70  -999.9999  -17.9561  -17.9561   0.0000    90.00   LINEAR
   90.00   84.00   0.000E+00    0.00  7.054E-02    5.87  -999.9999  -19.2938  -19.2938   0.0000    90.00   LINEAR
   90.00   85.00   0.000E+00    0.00  5.880E-02    6.04  -999.9999  -20.8750  -20.8750   0.0000    90.00   LINEAR
   90.00   86.00   0.000E+00    0.00  4.707E-02    6.23  -999.9999  -22.8086  -22.8086   0.0000    90.00   LINEAR
   90.00   87.00   0.000E+00    0.00  3.534E-02    6.50  -999.9999  -25.2987  -25.2987   0.0000    90.00   LINEAR
   90.00   88.00   0.000E+00    0.00  2.361E-02    6.97  -999.9999  -28.8018  -28.8018   0.0000    90.00   LINEAR
   90.00   89.00   0.000E+00    0.00  1.189E-02    8.36  -999.9999  -34.7616  -34.7616   0.0000    90.00   LINEAR
   90.00   90.00   0.000E+00    0.00  6.088E-04   81.74  -999.9999  -60.5727  -60.5727   0.0000   -90.00   LINEAR

     Gain is a factor of  1.00000E+00 (    0.00 dB) larger than directivity

       The directivity/gain is based on an active power of  7.05406E-03 W
       and on a power loss of  0.00000E+00 W 

 read from input file:
EN       0    0    0    0    0 0.000E+00 0.000E+00 0.000E+00 0.000E+00 0.000E+00 0.000E+00 0.000E+00 0.000E+00


                    SUMMARY OF REQUIRED TIMES IN SECONDS

                                             CPU-time       runtime
 Reading and constructing the geometry          0.000         0.001
 Checking the geometry                          0.000         0.000
 Initialisation of the Green's function         0.000         0.000
 Calcul. of coupling for PO/Fock                0.000         0.000
 Transformation to equivalent sources           0.000         0.000
 Ray launching/tracing phase of RL-GO           0.000         0.000
 Calcul. of matrix elements                     0.010         0.003
 Calcul. of right-hand side vector              0.000         0.000
 Preconditioning system of linear eqns.         0.000         0.000
 Solution of the system of linear eqns.         0.000         0.000
 Eigensolution for characteristic modes         0.000         0.000
 Determination of surface currents              0.000         0.000
 Calcul. of impedances/powers/losses            0.000         0.001
 Calcul. of averaged SAR values                 0.000         0.000
 Calcul. of power receiving antenna             0.000         0.000
 Calcul. of cable coupling                      0.000         0.000
 Calcul. of error estimates                     0.000         0.000
 Calcul. of electric near field                 0.010         0.003
 Calcul. of magnetic near field                 0.000         0.000
 Calcul. of far field                           0.000         0.002
                            other               0.000         0.004
                                         ------------  ------------
                         total times:           0.020         0.016
               (total times in hours:           0.000         0.000)

 Peak memory usage during the whole solution: 55.105 kByte

Finished: 2018-05-27 13:17:39                     
